<?xml version="1.0" encoding="UTF-8"?>
<!-- Generated by org.testng.reporters.JUnitReportReporter -->
<testsuite hostname="E1269F1L" name="com.javang.BeforeMethodBeforeTest" tests="2" failures="0" timestamp="16 Oct 2017 05:12:46 GMT" time="0.009" errors="0">
  <testcase name="f" time="0.007" classname="com.javang.BeforeMethodBeforeTest"/>
  <testcase name="ignore" time="0.002" classname="com.javang.BeforeMethodBeforeTest"/>
</testsuite> <!-- com.javang.BeforeMethodBeforeTest -->
