<?xml version="1.0" encoding="UTF-8"?>
<!-- Generated by org.testng.reporters.JUnitReportReporter -->
<testsuite hostname="E1269F1L" name="Webdriver_TestNG.ClassTwo" tests="1" failures="0" timestamp="23 Sep 2016 12:16:43 GMT" time="6.963" errors="0">
  <testcase name="testmethodone" time="6.963" classname="Webdriver_TestNG.ClassTwo"/>
</testsuite> <!-- Webdriver_TestNG.ClassTwo -->
