<?xml version="1.0" encoding="UTF-8"?>
<!-- Generated by org.testng.reporters.JUnitReportReporter -->
<testsuite hostname="E1269F1L" name="com.javang.SoftAsserrtions" tests="1" failures="0" timestamp="31 Aug 2017 02:54:30 GMT" time="0.009" errors="0">
  <testcase name="sample12" time="0.009" classname="com.javang.SoftAsserrtions"/>
</testsuite> <!-- com.javang.SoftAsserrtions -->
