<?xml version="1.0" encoding="UTF-8"?>
<!-- Generated by org.testng.reporters.JUnitReportReporter -->
<testsuite hostname="E1269F1L" name="JavaNG.Param_Parallel" tests="4" failures="0" timestamp="23 Sep 2016 17:44:21 GMT" time="4.693" errors="0">
  <testcase name="verify_message" time="0.418" classname="JavaNG.Param_Parallel"/>
  <testcase name="verify_title" time="1.996" classname="JavaNG.Param_Parallel"/>
  <testcase name="verify_message" time="0.391" classname="JavaNG.Param_Parallel"/>
  <testcase name="verify_title" time="1.888" classname="JavaNG.Param_Parallel"/>
</testsuite> <!-- JavaNG.Param_Parallel -->
