<?xml version="1.0" encoding="UTF-8"?>
<!-- Generated by org.testng.reporters.JUnitReportReporter -->
<testsuite hostname="E1269F1L" name="JavaNG.Grouping" tests="3" failures="0" timestamp="25 Sep 2016 12:31:08 GMT" time="0.015" errors="0">
  <testcase name="logIn" time="0.002" classname="JavaNG.Grouping"/>
  <testcase name="checkMail" time="0.011" classname="JavaNG.Grouping"/>
  <testcase name="logOut" time="0.002" classname="JavaNG.Grouping"/>
</testsuite> <!-- JavaNG.Grouping -->
