<?xml version="1.0" encoding="UTF-8"?>
<!-- Generated by org.testng.reporters.JUnitReportReporter -->
<testsuite hostname="E1269F1L" name="JavaNG.Priority" tests="3" failures="0" timestamp="23 Sep 2016 17:13:44 GMT" time="0.036" errors="0">
  <testcase name="bookticket" time="0.011" classname="JavaNG.Priority"/>
  <testcase name="logout" time="0.013" classname="JavaNG.Priority"/>
  <testcase name="Login" time="0.012" classname="JavaNG.Priority"/>
</testsuite> <!-- JavaNG.Priority -->
