<?xml version="1.0" encoding="UTF-8"?>
<!-- Generated by org.testng.reporters.JUnitReportReporter -->
<testsuite hostname="E1269F1L" name="JavaNG.Sample" tests="1" failures="0" timestamp="23 Sep 2016 11:29:20 GMT" time="0.011" errors="0">
  <testcase name="f" time="0.011" classname="JavaNG.Sample"/>
</testsuite> <!-- JavaNG.Sample -->
