<?xml version="1.0" encoding="UTF-8"?>
<!-- Generated by org.testng.reporters.JUnitReportReporter -->
<testsuite hostname="E1269F1L" name="JavaNG.Dependency_methods" tests="3" failures="0" timestamp="1 Oct 2016 14:52:56 GMT" time="0.016" errors="0">
  <testcase name="login" time="0.010" classname="JavaNG.Dependency_methods"/>
  <testcase name="Logout" time="0.003" classname="JavaNG.Dependency_methods"/>
  <testcase name="AccessPage" time="0.003" classname="JavaNG.Dependency_methods"/>
</testsuite> <!-- JavaNG.Dependency_methods -->
