<?xml version="1.0" encoding="UTF-8"?>
<!-- Generated by org.testng.reporters.JUnitReportReporter -->
<testsuite hostname="E1269F1L" name="com.javang.Grouping" tests="3" failures="0" timestamp="9 Jun 2017 10:05:54 GMT" time="0.019" errors="0">
  <testcase name="logIn" time="0.013" classname="com.javang.Grouping"/>
  <testcase name="checkMail" time="0.003" classname="com.javang.Grouping"/>
  <testcase name="logOut" time="0.003" classname="com.javang.Grouping"/>
</testsuite> <!-- com.javang.Grouping -->
