<?xml version="1.0" encoding="UTF-8"?>
<!-- Generated by org.testng.reporters.JUnitReportReporter -->
<testsuite hostname="E1269F1L" name="JavaNG.Assertions" tests="2" failures="0" timestamp="24 Sep 2016 14:47:09 GMT" time="0.143" errors="0">
  <testcase name="assertequal" time="0.090" classname="JavaNG.Assertions"/>
  <testcase name="assertnotequal" time="0.053" classname="JavaNG.Assertions"/>
</testsuite> <!-- JavaNG.Assertions -->
