<?xml version="1.0" encoding="UTF-8"?>
<!-- Generated by org.testng.reporters.JUnitReportReporter -->
<testsuite hostname="E1269F1L" name="com.javang.Priority" tests="5" failures="0" timestamp="16 Oct 2017 05:16:51 GMT" time="0.021" errors="0">
  <testcase name="logout" time="0.002" classname="com.javang.Priority"/>
  <testcase name="sample" time="0.014" classname="com.javang.Priority"/>
  <testcase name="Login" time="0.002" classname="com.javang.Priority"/>
  <testcase name="bookticket" time="0.001" classname="com.javang.Priority"/>
  <testcase name="test_pri0" time="0.002" classname="com.javang.Priority"/>
</testsuite> <!-- com.javang.Priority -->
