<?xml version="1.0" encoding="UTF-8"?>
<!-- Generated by org.testng.reporters.JUnitReportReporter -->
<testsuite hostname="E1269F1L" name="Webdriver_TestNG.ClassOne" tests="1" failures="0" timestamp="23 Sep 2016 12:25:31 GMT" time="5.030" errors="0">
  <testcase name="testmethodtwo" time="5.030" classname="Webdriver_TestNG.ClassOne"/>
</testsuite> <!-- Webdriver_TestNG.ClassOne -->
