<?xml version="1.0" encoding="UTF-8"?>
<!-- Generated by org.testng.reporters.JUnitReportReporter -->
<testsuite hostname="E1269F1L" name="com.javang.Sample" tests="2" failures="0" timestamp="18 Sep 2017 18:13:32 GMT" time="0.011" errors="0">
  <testcase name="f" time="0.009" classname="com.javang.Sample"/>
  <testcase name="ignore" time="0.002" classname="com.javang.Sample"/>
</testsuite> <!-- com.javang.Sample -->
