<?xml version="1.0" encoding="UTF-8"?>
<!-- Generated by org.testng.reporters.JUnitReportReporter -->
<testsuite hostname="E1269F1L" name="com.javang.TestClass" tests="2" failures="0" timestamp="23 Oct 2017 12:56:29 GMT" time="0.017" errors="0">
  <testcase name="test2" time="0.002" classname="com.javang.TestClass"/>
  <testcase name="test1" time="0.015" classname="com.javang.TestClass"/>
</testsuite> <!-- com.javang.TestClass -->
