<?xml version="1.0" encoding="UTF-8"?>
<!-- Generated by org.testng.reporters.JUnitReportReporter -->
<testsuite hostname="E1269F1L" name="WebDriver.SeGridTest" tests="2" failures="0" timestamp="15 Oct 2016 14:18:03 GMT" time="4.313" errors="0">
  <testcase name="testCalc" time="2.221" classname="WebDriver.SeGridTest"/>
  <testcase name="testCalc" time="2.092" classname="WebDriver.SeGridTest"/>
</testsuite> <!-- WebDriver.SeGridTest -->
